<?xml version="1.0" encoding="UTF-8"?>
<!-- Generated by org.testng.reporters.JUnitReportReporter -->
<testsuite hostname="LAPTOP-7D4JOF4H" failures="0" tests="7" name="com.exmpl.Navigationtest" time="41.481" errors="0" timestamp="2023-04-03T21:13:16 IST" skipped="0">
  <testcase classname="com.exmpl.Navigationtest" name="test_homepage_correct" time="5.087"/>
  <system-out/>
  <testcase classname="com.exmpl.Navigationtest" name="test_incorrectpwdlogin" time="10.859"/>
  <system-out/>
  <testcase classname="com.exmpl.Navigationtest" name="test_incorrectidlogin" time="6.347"/>
  <system-out/>
  <testcase classname="com.exmpl.Navigationtest" name="test_blankpwdlogin" time="5.256"/>
  <system-out/>
  <testcase classname="com.exmpl.Navigationtest" name="test_blankidlogin" time="4.507"/>
  <system-out/>
  <testcase classname="com.exmpl.Navigationtest" name="test_blankuserpwdlogin" time="4.576"/>
  <system-out/>
  <testcase classname="com.exmpl.Navigationtest" name="test_incorrectuserpswdlogin" time="4.849"/>
  <system-out/>
</testsuite> <!-- com.exmpl.Navigationtest -->
